<?xml version="1.0" encoding="UTF-8"?>
<coverage generated="1678648124916" clover="3.2.0">
  <project timestamp="1678648124917" name="All files">
    <metrics statements="76" coveredstatements="64" conditionals="8" coveredconditionals="7" methods="22" coveredmethods="16" elements="106" coveredelements="87" complexity="0" loc="76" ncloc="76" packages="10" files="13" classes="13"/>
    <package name="modules.categories.errors">
      <metrics statements="3" coveredstatements="3" conditionals="2" coveredconditionals="2" methods="1" coveredmethods="1"/>
      <file name="index.ts" path="C:\Users\Dev\Desktop\Estudos-Dev\node-typescript-mongodb\src\modules\categories\errors\index.ts">
        <metrics statements="3" coveredstatements="3" conditionals="2" coveredconditionals="2" methods="1" coveredmethods="1"/>
        <line num="1" count="3" type="cond" truecount="2" falsecount="0"/>
        <line num="2" count="3" type="stmt"/>
        <line num="3" count="3" type="stmt"/>
      </file>
    </package>
    <package name="modules.categories.infra.mongodb">
      <metrics statements="13" coveredstatements="12" conditionals="1" coveredconditionals="1" methods="6" coveredmethods="6"/>
      <file name="CategoriesRepository.ts" path="C:\Users\Dev\Desktop\Estudos-Dev\node-typescript-mongodb\src\modules\categories\infra\mongodb\CategoriesRepository.ts">
        <metrics statements="13" coveredstatements="12" conditionals="1" coveredconditionals="1" methods="6" coveredmethods="6"/>
        <line num="5" count="4" type="stmt"/>
        <line num="9" count="1" type="stmt"/>
        <line num="11" count="1" type="stmt"/>
        <line num="19" count="4" type="stmt"/>
        <line num="20" count="4" type="stmt"/>
        <line num="22" count="4" type="cond" truecount="1" falsecount="0"/>
        <line num="24" count="2" type="stmt"/>
        <line num="31" count="0" type="stmt"/>
        <line num="39" count="1" type="stmt"/>
        <line num="41" count="1" type="stmt"/>
        <line num="47" count="1" type="stmt"/>
        <line num="52" count="1" type="stmt"/>
        <line num="59" count="4" type="stmt"/>
      </file>
    </package>
    <package name="modules.categories.repositories.container">
      <metrics statements="3" coveredstatements="3" conditionals="0" coveredconditionals="0" methods="0" coveredmethods="0"/>
      <file name="index.ts" path="C:\Users\Dev\Desktop\Estudos-Dev\node-typescript-mongodb\src\modules\categories\repositories\container\index.ts">
        <metrics statements="3" coveredstatements="3" conditionals="0" coveredconditionals="0" methods="0" coveredmethods="0"/>
        <line num="1" count="4" type="stmt"/>
        <line num="2" count="4" type="stmt"/>
        <line num="5" count="4" type="stmt"/>
      </file>
    </package>
    <package name="modules.categories.schemas">
      <metrics statements="3" coveredstatements="3" conditionals="0" coveredconditionals="0" methods="0" coveredmethods="0"/>
      <file name="Category.ts" path="C:\Users\Dev\Desktop\Estudos-Dev\node-typescript-mongodb\src\modules\categories\schemas\Category.ts">
        <metrics statements="3" coveredstatements="3" conditionals="0" coveredconditionals="0" methods="0" coveredmethods="0"/>
        <line num="1" count="4" type="stmt"/>
        <line num="10" count="4" type="stmt"/>
        <line num="26" count="4" type="stmt"/>
      </file>
    </package>
    <package name="modules.categories.services">
      <metrics statements="28" coveredstatements="28" conditionals="3" coveredconditionals="3" methods="8" coveredmethods="8"/>
      <file name="CreateCategoryService.ts" path="C:\Users\Dev\Desktop\Estudos-Dev\node-typescript-mongodb\src\modules\categories\services\CreateCategoryService.ts">
        <metrics statements="7" coveredstatements="7" conditionals="1" coveredconditionals="1" methods="2" coveredmethods="2"/>
        <line num="1" count="1" type="stmt"/>
        <line num="2" count="1" type="stmt"/>
        <line num="4" count="1" type="stmt"/>
        <line num="8" count="1" type="stmt"/>
        <line num="11" count="2" type="stmt"/>
        <line num="15" count="2" type="cond" truecount="1" falsecount="0"/>
        <line num="16" count="1" type="stmt"/>
      </file>
      <file name="DeleteCategoryService.ts" path="C:\Users\Dev\Desktop\Estudos-Dev\node-typescript-mongodb\src\modules\categories\services\DeleteCategoryService.ts">
        <metrics statements="8" coveredstatements="8" conditionals="1" coveredconditionals="1" methods="2" coveredmethods="2"/>
        <line num="1" count="1" type="stmt"/>
        <line num="2" count="1" type="stmt"/>
        <line num="3" count="1" type="stmt"/>
        <line num="7" count="1" type="stmt"/>
        <line num="10" count="2" type="stmt"/>
        <line num="14" count="2" type="stmt"/>
        <line num="16" count="2" type="cond" truecount="1" falsecount="0"/>
        <line num="18" count="1" type="stmt"/>
      </file>
      <file name="GetCategoriesService.ts" path="C:\Users\Dev\Desktop\Estudos-Dev\node-typescript-mongodb\src\modules\categories\services\GetCategoriesService.ts">
        <metrics statements="5" coveredstatements="5" conditionals="0" coveredconditionals="0" methods="2" coveredmethods="2"/>
        <line num="1" count="1" type="stmt"/>
        <line num="5" count="1" type="stmt"/>
        <line num="8" count="1" type="stmt"/>
        <line num="12" count="1" type="stmt"/>
        <line num="14" count="1" type="stmt"/>
      </file>
      <file name="UpdateCategoryService.ts" path="C:\Users\Dev\Desktop\Estudos-Dev\node-typescript-mongodb\src\modules\categories\services\UpdateCategoryService.ts">
        <metrics statements="8" coveredstatements="8" conditionals="1" coveredconditionals="1" methods="2" coveredmethods="2"/>
        <line num="1" count="1" type="stmt"/>
        <line num="2" count="1" type="stmt"/>
        <line num="4" count="1" type="stmt"/>
        <line num="8" count="1" type="stmt"/>
        <line num="11" count="2" type="stmt"/>
        <line num="15" count="2" type="stmt"/>
        <line num="17" count="2" type="cond" truecount="1" falsecount="0"/>
        <line num="19" count="1" type="stmt"/>
      </file>
    </package>
    <package name="modules.products.infra.mongodb">
      <metrics statements="13" coveredstatements="2" conditionals="1" coveredconditionals="0" methods="6" coveredmethods="0"/>
      <file name="ProductsRepository.ts" path="C:\Users\Dev\Desktop\Estudos-Dev\node-typescript-mongodb\src\modules\products\infra\mongodb\ProductsRepository.ts">
        <metrics statements="13" coveredstatements="2" conditionals="1" coveredconditionals="0" methods="6" coveredmethods="0"/>
        <line num="5" count="4" type="stmt"/>
        <line num="9" count="0" type="stmt"/>
        <line num="11" count="0" type="stmt"/>
        <line num="22" count="0" type="stmt"/>
        <line num="23" count="0" type="stmt"/>
        <line num="25" count="0" type="cond" truecount="0" falsecount="1"/>
        <line num="27" count="0" type="stmt"/>
        <line num="37" count="0" type="stmt"/>
        <line num="48" count="0" type="stmt"/>
        <line num="50" count="0" type="stmt"/>
        <line num="59" count="0" type="stmt"/>
        <line num="64" count="0" type="stmt"/>
        <line num="71" count="4" type="stmt"/>
      </file>
    </package>
    <package name="modules.products.repositories.container">
      <metrics statements="3" coveredstatements="3" conditionals="0" coveredconditionals="0" methods="0" coveredmethods="0"/>
      <file name="index.ts" path="C:\Users\Dev\Desktop\Estudos-Dev\node-typescript-mongodb\src\modules\products\repositories\container\index.ts">
        <metrics statements="3" coveredstatements="3" conditionals="0" coveredconditionals="0" methods="0" coveredmethods="0"/>
        <line num="1" count="4" type="stmt"/>
        <line num="2" count="4" type="stmt"/>
        <line num="5" count="4" type="stmt"/>
      </file>
    </package>
    <package name="modules.products.schemas">
      <metrics statements="3" coveredstatements="3" conditionals="0" coveredconditionals="0" methods="0" coveredmethods="0"/>
      <file name="Product.ts" path="C:\Users\Dev\Desktop\Estudos-Dev\node-typescript-mongodb\src\modules\products\schemas\Product.ts">
        <metrics statements="3" coveredstatements="3" conditionals="0" coveredconditionals="0" methods="0" coveredmethods="0"/>
        <line num="1" count="4" type="stmt"/>
        <line num="13" count="4" type="stmt"/>
        <line num="39" count="4" type="stmt"/>
      </file>
    </package>
    <package name="shared.container">
      <metrics statements="2" coveredstatements="2" conditionals="0" coveredconditionals="0" methods="0" coveredmethods="0"/>
      <file name="index.ts" path="C:\Users\Dev\Desktop\Estudos-Dev\node-typescript-mongodb\src\shared\container\index.ts">
        <metrics statements="2" coveredstatements="2" conditionals="0" coveredconditionals="0" methods="0" coveredmethods="0"/>
        <line num="1" count="4" type="stmt"/>
        <line num="2" count="4" type="stmt"/>
      </file>
    </package>
    <package name="shared.errors">
      <metrics statements="5" coveredstatements="5" conditionals="1" coveredconditionals="1" methods="1" coveredmethods="1"/>
      <file name="AppError.ts" path="C:\Users\Dev\Desktop\Estudos-Dev\node-typescript-mongodb\src\shared\errors\AppError.ts">
        <metrics statements="5" coveredstatements="5" conditionals="1" coveredconditionals="1" methods="1" coveredmethods="1"/>
        <line num="1" count="3" type="stmt"/>
        <line num="6" count="3" type="stmt"/>
        <line num="8" count="3" type="stmt"/>
        <line num="10" count="3" type="stmt"/>
        <line num="11" count="3" type="stmt"/>
      </file>
    </package>
  </project>
</coverage>
