TN:
SF:src\modules\categories\errors\index.ts
FN:1,(anonymous_0)
FNF:1
FNH:1
FNDA:3,(anonymous_0)
DA:1,3
DA:2,3
DA:3,3
LF:3
LH:3
BRDA:1,0,0,3
BRDA:1,0,1,3
BRF:2
BRH:2
end_of_record
TN:
SF:src\modules\categories\infra\mongodb\CategoriesRepository.ts
FN:8,(anonymous_1)
FN:11,(anonymous_2)
FN:18,(anonymous_3)
FN:35,(anonymous_4)
FN:46,(anonymous_5)
FN:51,(anonymous_6)
FNF:6
FNH:6
FNDA:1,(anonymous_1)
FNDA:1,(anonymous_2)
FNDA:4,(anonymous_3)
FNDA:1,(anonymous_4)
FNDA:1,(anonymous_5)
FNDA:1,(anonymous_6)
DA:5,4
DA:9,1
DA:11,1
DA:19,4
DA:20,4
DA:22,4
DA:24,2
DA:31,0
DA:39,1
DA:41,1
DA:47,1
DA:52,1
DA:59,4
LF:13
LH:12
BRDA:22,0,0,2
BRF:1
BRH:1
end_of_record
TN:
SF:src\modules\categories\repositories\container\index.ts
FNF:0
FNH:0
DA:1,4
DA:2,4
DA:5,4
LF:3
LH:3
BRF:0
BRH:0
end_of_record
TN:
SF:src\modules\categories\schemas\Category.ts
FNF:0
FNH:0
DA:1,4
DA:10,4
DA:26,4
LF:3
LH:3
BRF:0
BRH:0
end_of_record
TN:
SF:src\modules\categories\services\CreateCategoryService.ts
FN:9,(anonymous_4)
FN:14,(anonymous_5)
FNF:2
FNH:2
FNDA:2,(anonymous_4)
FNDA:2,(anonymous_5)
DA:1,1
DA:2,1
DA:4,1
DA:8,1
DA:11,2
DA:15,2
DA:16,1
LF:7
LH:7
BRDA:15,0,0,1
BRF:1
BRH:1
end_of_record
TN:
SF:src\modules\categories\services\DeleteCategoryService.ts
FN:8,(anonymous_4)
FN:13,(anonymous_5)
FNF:2
FNH:2
FNDA:2,(anonymous_4)
FNDA:2,(anonymous_5)
DA:1,1
DA:2,1
DA:3,1
DA:7,1
DA:10,2
DA:14,2
DA:16,2
DA:18,1
LF:8
LH:8
BRDA:16,0,0,1
BRF:1
BRH:1
end_of_record
TN:
SF:src\modules\categories\services\GetCategoriesService.ts
FN:6,(anonymous_4)
FN:11,(anonymous_5)
FNF:2
FNH:2
FNDA:1,(anonymous_4)
FNDA:1,(anonymous_5)
DA:1,1
DA:5,1
DA:8,1
DA:12,1
DA:14,1
LF:5
LH:5
BRF:0
BRH:0
end_of_record
TN:
SF:src\modules\categories\services\UpdateCategoryService.ts
FN:9,(anonymous_4)
FN:14,(anonymous_5)
FNF:2
FNH:2
FNDA:2,(anonymous_4)
FNDA:2,(anonymous_5)
DA:1,1
DA:2,1
DA:4,1
DA:8,1
DA:11,2
DA:15,2
DA:17,2
DA:19,1
LF:8
LH:8
BRDA:17,0,0,1
BRF:1
BRH:1
end_of_record
TN:
SF:src\modules\products\infra\mongodb\ProductsRepository.ts
FN:8,(anonymous_1)
FN:11,(anonymous_2)
FN:21,(anonymous_3)
FN:41,(anonymous_4)
FN:58,(anonymous_5)
FN:63,(anonymous_6)
FNF:6
FNH:0
FNDA:0,(anonymous_1)
FNDA:0,(anonymous_2)
FNDA:0,(anonymous_3)
FNDA:0,(anonymous_4)
FNDA:0,(anonymous_5)
FNDA:0,(anonymous_6)
DA:5,4
DA:9,0
DA:11,0
DA:22,0
DA:23,0
DA:25,0
DA:27,0
DA:37,0
DA:48,0
DA:50,0
DA:59,0
DA:64,0
DA:71,4
LF:13
LH:2
BRDA:25,0,0,0
BRF:1
BRH:0
end_of_record
TN:
SF:src\modules\products\repositories\container\index.ts
FNF:0
FNH:0
DA:1,4
DA:2,4
DA:5,4
LF:3
LH:3
BRF:0
BRH:0
end_of_record
TN:
SF:src\modules\products\schemas\Product.ts
FNF:0
FNH:0
DA:1,4
DA:13,4
DA:39,4
LF:3
LH:3
BRF:0
BRH:0
end_of_record
TN:
SF:src\shared\container\index.ts
FNF:0
FNH:0
DA:1,4
DA:2,4
LF:2
LH:2
BRF:0
BRH:0
end_of_record
TN:
SF:src\shared\errors\AppError.ts
FN:5,(anonymous_0)
FNF:1
FNH:1
FNDA:3,(anonymous_0)
DA:1,3
DA:6,3
DA:8,3
DA:10,3
DA:11,3
LF:5
LH:5
BRDA:5,0,0,1
BRF:1
BRH:1
end_of_record
